2022-12-22 09:56:33,771:INFO: model_name:resnet18
2022-12-22 09:56:33,771:INFO: learning_rate:0.1
2022-12-22 09:56:33,771:INFO: schedule:[80, 120]
2022-12-22 09:56:33,771:INFO: gamma:0.1
2022-12-22 09:56:33,771:INFO: batch_size:512
2022-12-22 09:56:33,772:INFO: num_epochs:50
2022-12-22 09:56:33,772:INFO: num_workers:8
2022-12-22 09:56:33,772:INFO: augmentation:1
2022-12-22 09:56:33,772:INFO: cuda:True
2022-12-22 09:56:33,772:INFO: dataset:cifar10
2022-12-22 09:56:42,395:INFO: Number of class: 10
2022-12-22 09:56:42,395:INFO: Create Model --- resnet18
2022-12-22 09:56:46,499:INFO: - Train from scratch 
2022-12-22 09:56:46,499:INFO: Optimizer: SGD
2022-12-22 09:56:46,500:INFO: Epoch 1/50
2022-12-22 09:56:46,500:INFO: Learning Rate 0.1
2022-12-22 09:57:01,858:INFO: - Train loss : 2.586
2022-12-22 09:57:02,728:INFO: - Eval metrics : acc: 21.434 ; loss: 2.019
2022-12-22 09:57:02,865:INFO: - New best model 
2022-12-22 09:57:02,992:INFO: - So far best epoch: 1, best acc: 21.434
2022-12-22 09:57:02,992:INFO: Epoch 2/50
2022-12-22 09:57:02,992:INFO: Learning Rate 0.1
2022-12-22 09:57:09,116:INFO: - Train loss : 1.834
2022-12-22 09:57:10,028:INFO: - Eval metrics : acc: 35.762 ; loss: 1.709
2022-12-22 09:57:10,229:INFO: - New best model 
2022-12-22 09:57:10,408:INFO: - So far best epoch: 2, best acc: 35.762
2022-12-22 09:57:10,408:INFO: Epoch 3/50
2022-12-22 09:57:10,408:INFO: Learning Rate 0.1
2022-12-22 09:57:16,642:INFO: - Train loss : 1.594
2022-12-22 09:57:17,533:INFO: - Eval metrics : acc: 41.870 ; loss: 1.545
2022-12-22 09:57:17,736:INFO: - New best model 
2022-12-22 09:57:17,926:INFO: - So far best epoch: 3, best acc: 41.870
2022-12-22 09:57:17,926:INFO: Epoch 4/50
2022-12-22 09:57:17,926:INFO: Learning Rate 0.1
2022-12-22 09:57:24,096:INFO: - Train loss : 1.409
2022-12-22 09:57:24,982:INFO: - Eval metrics : acc: 50.280 ; loss: 1.411
2022-12-22 09:57:25,185:INFO: - New best model 
2022-12-22 09:57:25,373:INFO: - So far best epoch: 4, best acc: 50.280
2022-12-22 09:57:25,373:INFO: Epoch 5/50
2022-12-22 09:57:25,373:INFO: Learning Rate 0.1
2022-12-22 09:57:31,587:INFO: - Train loss : 1.251
2022-12-22 09:57:32,489:INFO: - Eval metrics : acc: 56.229 ; loss: 1.201
2022-12-22 09:57:32,692:INFO: - New best model 
2022-12-22 09:57:32,879:INFO: - So far best epoch: 5, best acc: 56.229
2022-12-22 09:57:32,879:INFO: Epoch 6/50
2022-12-22 09:57:32,879:INFO: Learning Rate 0.1
2022-12-22 09:57:39,056:INFO: - Train loss : 1.089
2022-12-22 09:57:39,930:INFO: - Eval metrics : acc: 57.376 ; loss: 1.238
2022-12-22 09:57:40,129:INFO: - New best model 
2022-12-22 09:57:40,323:INFO: - So far best epoch: 6, best acc: 57.376
2022-12-22 09:57:40,323:INFO: Epoch 7/50
2022-12-22 09:57:40,323:INFO: Learning Rate 0.1
2022-12-22 09:57:46,445:INFO: - Train loss : 0.941
2022-12-22 09:57:47,350:INFO: - Eval metrics : acc: 65.825 ; loss: 0.966
2022-12-22 09:57:47,561:INFO: - New best model 
2022-12-22 09:57:47,750:INFO: - So far best epoch: 7, best acc: 65.825
2022-12-22 09:57:47,750:INFO: Epoch 8/50
2022-12-22 09:57:47,750:INFO: Learning Rate 0.1
2022-12-22 09:57:53,913:INFO: - Train loss : 0.827
2022-12-22 09:57:54,788:INFO: - Eval metrics : acc: 66.828 ; loss: 0.956
2022-12-22 09:57:54,992:INFO: - New best model 
2022-12-22 09:57:55,184:INFO: - So far best epoch: 8, best acc: 66.828
2022-12-22 09:57:55,184:INFO: Epoch 9/50
2022-12-22 09:57:55,184:INFO: Learning Rate 0.1
2022-12-22 09:58:01,381:INFO: - Train loss : 0.732
2022-12-22 09:58:02,282:INFO: - Eval metrics : acc: 70.331 ; loss: 0.900
2022-12-22 09:58:02,485:INFO: - New best model 
2022-12-22 09:58:02,661:INFO: - So far best epoch: 9, best acc: 70.331
2022-12-22 09:58:02,662:INFO: Epoch 10/50
2022-12-22 09:58:02,662:INFO: Learning Rate 0.1
2022-12-22 09:58:08,872:INFO: - Train loss : 0.657
2022-12-22 09:58:09,790:INFO: - Eval metrics : acc: 68.782 ; loss: 0.933
2022-12-22 09:58:09,995:INFO: - So far best epoch: 9, best acc: 70.331
2022-12-22 09:58:09,995:INFO: Epoch 11/50
2022-12-22 09:58:09,995:INFO: Learning Rate 0.1
2022-12-22 09:58:16,218:INFO: - Train loss : 0.577
2022-12-22 09:58:17,104:INFO: - Eval metrics : acc: 75.138 ; loss: 0.744
2022-12-22 09:58:17,314:INFO: - New best model 
2022-12-22 09:58:17,492:INFO: - So far best epoch: 11, best acc: 75.138
2022-12-22 09:58:17,492:INFO: Epoch 12/50
2022-12-22 09:58:17,492:INFO: Learning Rate 0.1
2022-12-22 09:58:23,717:INFO: - Train loss : 0.538
2022-12-22 09:58:24,602:INFO: - Eval metrics : acc: 74.658 ; loss: 0.750
2022-12-22 09:58:24,802:INFO: - So far best epoch: 11, best acc: 75.138
2022-12-22 09:58:24,802:INFO: Epoch 13/50
2022-12-22 09:58:24,802:INFO: Learning Rate 0.1
2022-12-22 09:58:31,025:INFO: - Train loss : 0.499
2022-12-22 09:58:31,928:INFO: - Eval metrics : acc: 79.394 ; loss: 0.602
2022-12-22 09:58:32,129:INFO: - New best model 
2022-12-22 09:58:32,318:INFO: - So far best epoch: 13, best acc: 79.394
2022-12-22 09:58:32,318:INFO: Epoch 14/50
2022-12-22 09:58:32,318:INFO: Learning Rate 0.1
2022-12-22 09:58:38,545:INFO: - Train loss : 0.449
2022-12-22 09:58:39,471:INFO: - Eval metrics : acc: 76.738 ; loss: 0.718
2022-12-22 09:58:39,677:INFO: - So far best epoch: 13, best acc: 79.394
2022-12-22 09:58:39,677:INFO: Epoch 15/50
2022-12-22 09:58:39,677:INFO: Learning Rate 0.1
2022-12-22 09:58:45,908:INFO: - Train loss : 0.420
2022-12-22 09:58:46,829:INFO: - Eval metrics : acc: 78.359 ; loss: 0.677
2022-12-22 09:58:47,030:INFO: - So far best epoch: 13, best acc: 79.394
2022-12-22 09:58:47,030:INFO: Epoch 16/50
2022-12-22 09:58:47,030:INFO: Learning Rate 0.1
2022-12-22 09:58:53,202:INFO: - Train loss : 0.394
2022-12-22 09:58:54,114:INFO: - Eval metrics : acc: 81.035 ; loss: 0.576
2022-12-22 09:58:54,314:INFO: - New best model 
2022-12-22 09:58:54,505:INFO: - So far best epoch: 16, best acc: 81.035
2022-12-22 09:58:54,506:INFO: Epoch 17/50
2022-12-22 09:58:54,506:INFO: Learning Rate 0.1
2022-12-22 09:59:00,621:INFO: - Train loss : 0.361
2022-12-22 09:59:01,502:INFO: - Eval metrics : acc: 80.308 ; loss: 0.610
2022-12-22 09:59:01,703:INFO: - So far best epoch: 16, best acc: 81.035
2022-12-22 09:59:01,703:INFO: Epoch 18/50
2022-12-22 09:59:01,703:INFO: Learning Rate 0.1
2022-12-22 09:59:07,928:INFO: - Train loss : 0.345
2022-12-22 09:59:08,838:INFO: - Eval metrics : acc: 82.895 ; loss: 0.520
2022-12-22 09:59:09,040:INFO: - New best model 
2022-12-22 09:59:09,217:INFO: - So far best epoch: 18, best acc: 82.895
2022-12-22 09:59:09,217:INFO: Epoch 19/50
2022-12-22 09:59:09,217:INFO: Learning Rate 0.1
2022-12-22 09:59:15,386:INFO: - Train loss : 0.331
2022-12-22 09:59:16,300:INFO: - Eval metrics : acc: 82.503 ; loss: 0.525
2022-12-22 09:59:16,501:INFO: - So far best epoch: 18, best acc: 82.895
2022-12-22 09:59:16,501:INFO: Epoch 20/50
2022-12-22 09:59:16,501:INFO: Learning Rate 0.1
2022-12-22 09:59:22,655:INFO: - Train loss : 0.310
2022-12-22 09:59:23,563:INFO: - Eval metrics : acc: 82.064 ; loss: 0.536
2022-12-22 09:59:23,779:INFO: - So far best epoch: 18, best acc: 82.895
2022-12-22 09:59:23,779:INFO: Epoch 21/50
2022-12-22 09:59:23,779:INFO: Learning Rate 0.1
2022-12-22 09:59:30,013:INFO: - Train loss : 0.289
2022-12-22 09:59:30,935:INFO: - Eval metrics : acc: 84.604 ; loss: 0.486
2022-12-22 09:59:31,139:INFO: - New best model 
2022-12-22 09:59:31,328:INFO: - So far best epoch: 21, best acc: 84.604
2022-12-22 09:59:31,328:INFO: Epoch 22/50
2022-12-22 09:59:31,328:INFO: Learning Rate 0.1
2022-12-22 09:59:37,504:INFO: - Train loss : 0.279
2022-12-22 09:59:38,390:INFO: - Eval metrics : acc: 85.630 ; loss: 0.431
2022-12-22 09:59:38,595:INFO: - New best model 
2022-12-22 09:59:38,783:INFO: - So far best epoch: 22, best acc: 85.630
2022-12-22 09:59:38,784:INFO: Epoch 23/50
2022-12-22 09:59:38,784:INFO: Learning Rate 0.1
2022-12-22 09:59:45,012:INFO: - Train loss : 0.261
2022-12-22 09:59:45,915:INFO: - Eval metrics : acc: 85.383 ; loss: 0.465
2022-12-22 09:59:46,117:INFO: - So far best epoch: 22, best acc: 85.630
2022-12-22 09:59:46,117:INFO: Epoch 24/50
2022-12-22 09:59:46,117:INFO: Learning Rate 0.1
2022-12-22 09:59:52,325:INFO: - Train loss : 0.251
2022-12-22 09:59:53,242:INFO: - Eval metrics : acc: 83.875 ; loss: 0.516
2022-12-22 09:59:53,449:INFO: - So far best epoch: 22, best acc: 85.630
2022-12-22 09:59:53,449:INFO: Epoch 25/50
2022-12-22 09:59:53,449:INFO: Learning Rate 0.1
2022-12-22 09:59:59,658:INFO: - Train loss : 0.236
2022-12-22 10:00:00,567:INFO: - Eval metrics : acc: 85.811 ; loss: 0.452
2022-12-22 10:00:00,765:INFO: - New best model 
2022-12-22 10:00:00,960:INFO: - So far best epoch: 25, best acc: 85.811
2022-12-22 10:00:00,960:INFO: Epoch 26/50
2022-12-22 10:00:00,960:INFO: Learning Rate 0.1
2022-12-22 10:00:07,185:INFO: - Train loss : 0.237
2022-12-22 10:00:08,120:INFO: - Eval metrics : acc: 84.836 ; loss: 0.465
2022-12-22 10:00:08,321:INFO: - So far best epoch: 25, best acc: 85.811
2022-12-22 10:00:08,321:INFO: Epoch 27/50
2022-12-22 10:00:08,321:INFO: Learning Rate 0.1
2022-12-22 10:00:14,497:INFO: - Train loss : 0.227
2022-12-22 10:00:15,421:INFO: - Eval metrics : acc: 84.779 ; loss: 0.486
2022-12-22 10:00:15,624:INFO: - So far best epoch: 25, best acc: 85.811
2022-12-22 10:00:15,624:INFO: Epoch 28/50
2022-12-22 10:00:15,624:INFO: Learning Rate 0.1
2022-12-22 10:00:21,794:INFO: - Train loss : 0.220
2022-12-22 10:00:22,675:INFO: - Eval metrics : acc: 86.158 ; loss: 0.433
2022-12-22 10:00:22,874:INFO: - New best model 
2022-12-22 10:00:23,062:INFO: - So far best epoch: 28, best acc: 86.158
2022-12-22 10:00:23,063:INFO: Epoch 29/50
2022-12-22 10:00:23,063:INFO: Learning Rate 0.1
2022-12-22 10:00:29,273:INFO: - Train loss : 0.214
2022-12-22 10:00:30,164:INFO: - Eval metrics : acc: 86.045 ; loss: 0.435
2022-12-22 10:00:30,382:INFO: - So far best epoch: 28, best acc: 86.158
2022-12-22 10:00:30,382:INFO: Epoch 30/50
2022-12-22 10:00:30,382:INFO: Learning Rate 0.1
2022-12-22 10:00:36,504:INFO: - Train loss : 0.211
2022-12-22 10:00:37,402:INFO: - Eval metrics : acc: 86.504 ; loss: 0.419
2022-12-22 10:00:37,607:INFO: - New best model 
2022-12-22 10:00:37,782:INFO: - So far best epoch: 30, best acc: 86.504
2022-12-22 10:00:37,782:INFO: Epoch 31/50
2022-12-22 10:00:37,782:INFO: Learning Rate 0.1
2022-12-22 10:00:43,989:INFO: - Train loss : 0.197
2022-12-22 10:00:44,869:INFO: - Eval metrics : acc: 86.767 ; loss: 0.420
2022-12-22 10:00:45,075:INFO: - New best model 
2022-12-22 10:00:45,263:INFO: - So far best epoch: 31, best acc: 86.767
2022-12-22 10:00:45,263:INFO: Epoch 32/50
2022-12-22 10:00:45,263:INFO: Learning Rate 0.1
2022-12-22 10:00:51,433:INFO: - Train loss : 0.192
2022-12-22 10:00:52,320:INFO: - Eval metrics : acc: 86.628 ; loss: 0.426
2022-12-22 10:00:52,526:INFO: - So far best epoch: 31, best acc: 86.767
2022-12-22 10:00:52,526:INFO: Epoch 33/50
2022-12-22 10:00:52,526:INFO: Learning Rate 0.1
2022-12-22 10:00:58,743:INFO: - Train loss : 0.191
2022-12-22 10:00:59,616:INFO: - Eval metrics : acc: 86.031 ; loss: 0.426
2022-12-22 10:00:59,819:INFO: - So far best epoch: 31, best acc: 86.767
2022-12-22 10:00:59,820:INFO: Epoch 34/50
2022-12-22 10:00:59,820:INFO: Learning Rate 0.1
2022-12-22 10:01:06,029:INFO: - Train loss : 0.188
2022-12-22 10:01:06,910:INFO: - Eval metrics : acc: 87.591 ; loss: 0.381
2022-12-22 10:01:07,115:INFO: - New best model 
2022-12-22 10:01:07,301:INFO: - So far best epoch: 34, best acc: 87.591
2022-12-22 10:01:07,301:INFO: Epoch 35/50
2022-12-22 10:01:07,301:INFO: Learning Rate 0.1
2022-12-22 10:01:13,520:INFO: - Train loss : 0.190
2022-12-22 10:01:14,427:INFO: - Eval metrics : acc: 86.089 ; loss: 0.444
2022-12-22 10:01:14,631:INFO: - So far best epoch: 34, best acc: 87.591
2022-12-22 10:01:14,631:INFO: Epoch 36/50
2022-12-22 10:01:14,631:INFO: Learning Rate 0.1
2022-12-22 10:01:20,858:INFO: - Train loss : 0.178
2022-12-22 10:01:21,764:INFO: - Eval metrics : acc: 85.638 ; loss: 0.474
2022-12-22 10:01:21,961:INFO: - So far best epoch: 34, best acc: 87.591
2022-12-22 10:01:21,961:INFO: Epoch 37/50
2022-12-22 10:01:21,961:INFO: Learning Rate 0.1
2022-12-22 10:01:28,074:INFO: - Train loss : 0.171
2022-12-22 10:01:28,972:INFO: - Eval metrics : acc: 84.817 ; loss: 0.503
2022-12-22 10:01:29,179:INFO: - So far best epoch: 34, best acc: 87.591
2022-12-22 10:01:29,179:INFO: Epoch 38/50
2022-12-22 10:01:29,179:INFO: Learning Rate 0.1
2022-12-22 10:01:35,409:INFO: - Train loss : 0.170
2022-12-22 10:01:36,320:INFO: - Eval metrics : acc: 82.752 ; loss: 0.596
2022-12-22 10:01:36,526:INFO: - So far best epoch: 34, best acc: 87.591
2022-12-22 10:01:36,526:INFO: Epoch 39/50
2022-12-22 10:01:36,526:INFO: Learning Rate 0.1
2022-12-22 10:01:42,676:INFO: - Train loss : 0.174
2022-12-22 10:01:43,579:INFO: - Eval metrics : acc: 84.295 ; loss: 0.495
2022-12-22 10:01:43,781:INFO: - So far best epoch: 34, best acc: 87.591
2022-12-22 10:01:43,781:INFO: Epoch 40/50
2022-12-22 10:01:43,781:INFO: Learning Rate 0.1
2022-12-22 10:01:49,959:INFO: - Train loss : 0.162
2022-12-22 10:01:50,851:INFO: - Eval metrics : acc: 86.770 ; loss: 0.438
2022-12-22 10:01:51,047:INFO: - So far best epoch: 34, best acc: 87.591
2022-12-22 10:01:51,047:INFO: Epoch 41/50
2022-12-22 10:01:51,047:INFO: Learning Rate 0.1
2022-12-22 10:01:57,283:INFO: - Train loss : 0.158
2022-12-22 10:01:58,208:INFO: - Eval metrics : acc: 88.072 ; loss: 0.408
2022-12-22 10:01:58,414:INFO: - New best model 
2022-12-22 10:01:58,591:INFO: - So far best epoch: 41, best acc: 88.072
2022-12-22 10:01:58,591:INFO: Epoch 42/50
2022-12-22 10:01:58,591:INFO: Learning Rate 0.1
2022-12-22 10:02:04,752:INFO: - Train loss : 0.163
2022-12-22 10:02:05,688:INFO: - Eval metrics : acc: 79.511 ; loss: 0.782
2022-12-22 10:02:05,898:INFO: - So far best epoch: 41, best acc: 88.072
2022-12-22 10:02:05,898:INFO: Epoch 43/50
2022-12-22 10:02:05,898:INFO: Learning Rate 0.1
2022-12-22 10:02:12,023:INFO: - Train loss : 0.157
2022-12-22 10:02:12,907:INFO: - Eval metrics : acc: 87.408 ; loss: 0.401
2022-12-22 10:02:13,112:INFO: - So far best epoch: 41, best acc: 88.072
2022-12-22 10:02:13,112:INFO: Epoch 44/50
2022-12-22 10:02:13,112:INFO: Learning Rate 0.1
2022-12-22 10:02:19,347:INFO: - Train loss : 0.159
2022-12-22 10:02:20,251:INFO: - Eval metrics : acc: 87.086 ; loss: 0.421
2022-12-22 10:02:20,454:INFO: - So far best epoch: 41, best acc: 88.072
2022-12-22 10:02:20,454:INFO: Epoch 45/50
2022-12-22 10:02:20,455:INFO: Learning Rate 0.1
2022-12-22 10:02:26,622:INFO: - Train loss : 0.151
2022-12-22 10:02:27,490:INFO: - Eval metrics : acc: 86.928 ; loss: 0.408
2022-12-22 10:02:27,697:INFO: - So far best epoch: 41, best acc: 88.072
2022-12-22 10:02:27,697:INFO: Epoch 46/50
2022-12-22 10:02:27,697:INFO: Learning Rate 0.1
2022-12-22 10:02:33,877:INFO: - Train loss : 0.146
2022-12-22 10:02:34,742:INFO: - Eval metrics : acc: 88.199 ; loss: 0.393
2022-12-22 10:02:34,944:INFO: - New best model 
2022-12-22 10:02:35,136:INFO: - So far best epoch: 46, best acc: 88.199
2022-12-22 10:02:35,136:INFO: Epoch 47/50
2022-12-22 10:02:35,136:INFO: Learning Rate 0.1
2022-12-22 10:02:41,341:INFO: - Train loss : 0.157
2022-12-22 10:02:42,269:INFO: - Eval metrics : acc: 86.438 ; loss: 0.435
2022-12-22 10:02:42,474:INFO: - So far best epoch: 46, best acc: 88.199
2022-12-22 10:02:42,474:INFO: Epoch 48/50
2022-12-22 10:02:42,474:INFO: Learning Rate 0.1
2022-12-22 10:02:48,693:INFO: - Train loss : 0.146
2022-12-22 10:02:49,590:INFO: - Eval metrics : acc: 88.464 ; loss: 0.380
2022-12-22 10:02:49,794:INFO: - New best model 
2022-12-22 10:02:49,988:INFO: - So far best epoch: 48, best acc: 88.464
2022-12-22 10:02:49,988:INFO: Epoch 49/50
2022-12-22 10:02:49,988:INFO: Learning Rate 0.1
2022-12-22 10:02:56,226:INFO: - Train loss : 0.136
2022-12-22 10:02:57,133:INFO: - Eval metrics : acc: 87.742 ; loss: 0.417
2022-12-22 10:02:57,336:INFO: - So far best epoch: 48, best acc: 88.464
2022-12-22 10:02:57,336:INFO: Epoch 50/50
2022-12-22 10:02:57,336:INFO: Learning Rate 0.1
2022-12-22 10:03:03,565:INFO: - Train loss : 0.148
2022-12-22 10:03:04,441:INFO: - Eval metrics : acc: 86.261 ; loss: 0.473
2022-12-22 10:03:04,647:INFO: - So far best epoch: 48, best acc: 88.464
